<?xml version="1.0" encoding="UTF-8"?>
<!-- Generated by org.testng.reporters.JUnitReportReporter -->
<testsuite hostname="Vijay" failures="0" tests="2" name="Demo.E2EProject.ValidateTittleTest" time="0.145" errors="0" timestamp="27 Aug 2021 10:34:07 GMT" skipped="0">
  <testcase classname="Demo.E2EProject.ValidateTittleTest" name="verifyAppTittle" time="0.089"/>
  <testcase classname="Demo.E2EProject.ValidateTittleTest" name="verifyHeader" time="0.056"/>
</testsuite> <!-- Demo.E2EProject.ValidateTittleTest -->
