<?xml version="1.0" encoding="UTF-8"?>
<!-- Generated by org.testng.reporters.JUnitReportReporter -->
<testsuite hostname="Vijay" failures="0" tests="1" name="Demo.E2EProject.NavigationBarTest" time="0.115" errors="0" timestamp="27 Aug 2021 10:34:07 GMT" skipped="0">
  <testcase classname="Demo.E2EProject.NavigationBarTest" name="navigationBar" time="0.115"/>
</testsuite> <!-- Demo.E2EProject.NavigationBarTest -->
