<?xml version="1.0" encoding="UTF-8"?>
<!-- Generated by org.testng.reporters.JUnitReportReporter -->
<testsuite hostname="Vijay" failures="0" tests="2" name="Demo.E2EProject.HomePageTest" time="4.331" errors="0" timestamp="27 Aug 2021 10:34:07 GMT" skipped="0">
  <testcase classname="Demo.E2EProject.HomePageTest" name="basePageNavigation" time="2.473"/>
  <testcase classname="Demo.E2EProject.HomePageTest" name="basePageNavigation" time="1.858"/>
</testsuite> <!-- Demo.E2EProject.HomePageTest -->
