<?xml version="1.0" encoding="UTF-8"?>
<!-- Generated by org.testng.reporters.JUnitReportReporter -->
<testsuite skipped="0" hostname="WL362390" name="Demo.E2EProject.HomePage" tests="1" failures="0" timestamp="19 Aug 2021 10:04:09 GMT" time="17.675" errors="0">
  <testcase name="basePageNavigation" time="17.675" classname="Demo.E2EProject.HomePage"/>
</testsuite> <!-- Demo.E2EProject.HomePage -->
