<?xml version="1.0" encoding="UTF-8"?>
<!-- Generated by org.testng.reporters.JUnitReportReporter -->
<testsuite hostname="WL362390" failures="0" tests="1" name="Demo.E2EProject.NavigationBarTest" time="0.132" errors="0" timestamp="26 Aug 2021 12:23:55 GMT" skipped="0">
  <testcase classname="Demo.E2EProject.NavigationBarTest" name="navigationBar" time="0.132"/>
</testsuite> <!-- Demo.E2EProject.NavigationBarTest -->
